build/app/intermediates/manifest_merge_blame_file/release/manifest-merger-blame-release-report.txt
1<?xml version="1.0" encoding="utf-8"?>
2<manifest xmlns:android="http://schemas.android.com/apk/res/android"
3    package="com.example.tfg"
4    android:versionCode="1"
5    android:versionName="1.0.0" >
6
7    <uses-sdk
8        android:minSdkVersion="21"
8-->src/main/AndroidManifest.xml
9        android:targetSdkVersion="33" />
9-->src/main/AndroidManifest.xml
10
11    <uses-permission android:name="android.permission.REQUEST_INSTALL_PACKAGES" />
11-->[:open_file] AndroidManifest.xml:10:5-83
11-->[:open_file] AndroidManifest.xml:10:22-80
12    <uses-permission android:name="android.permission.READ_EXTERNAL_STORAGE" />
12-->[:open_file] AndroidManifest.xml:11:5-80
12-->[:open_file] AndroidManifest.xml:11:22-77
13    <uses-permission
13-->[org.altbeacon:android-beacon-library:2.19] AndroidManifest.xml:10:5-12:36
14        android:name="android.permission.BLUETOOTH"
14-->[org.altbeacon:android-beacon-library:2.19] AndroidManifest.xml:11:9-52
15        android:required="false" />
15-->[org.altbeacon:android-beacon-library:2.19] AndroidManifest.xml:12:9-33
16    <uses-permission
16-->[org.altbeacon:android-beacon-library:2.19] AndroidManifest.xml:13:5-15:36
17        android:name="android.permission.BLUETOOTH_ADMIN"
17-->[org.altbeacon:android-beacon-library:2.19] AndroidManifest.xml:14:9-58
18        android:required="false" />
18-->[org.altbeacon:android-beacon-library:2.19] AndroidManifest.xml:15:9-33
19    <uses-permission android:name="android.permission.RECEIVE_BOOT_COMPLETED" />
19-->[org.altbeacon:android-beacon-library:2.19] AndroidManifest.xml:16:5-81
19-->[org.altbeacon:android-beacon-library:2.19] AndroidManifest.xml:16:22-78
20    <uses-permission android:name="android.permission.ACCESS_COARSE_LOCATION" />
20-->[org.altbeacon:android-beacon-library:2.19] AndroidManifest.xml:17:5-81
20-->[org.altbeacon:android-beacon-library:2.19] AndroidManifest.xml:17:22-78
21
22    <application
23        android:name="android.app.Application"
23-->src/main/AndroidManifest.xml:5:9-42
24        android:appComponentFactory="androidx.core.app.CoreComponentFactory"
24-->[androidx.core:core:1.8.0] AndroidManifest.xml:24:18-86
25        android:icon="@mipmap/ic_launcher"
25-->src/main/AndroidManifest.xml:6:9-43
26        android:label="tfg" >
26-->src/main/AndroidManifest.xml:4:9-28
27        <activity
27-->src/main/AndroidManifest.xml:7:9-27:20
28            android:name="com.example.tfg.MainActivity"
28-->src/main/AndroidManifest.xml:8:13-41
29            android:configChanges="orientation|keyboardHidden|keyboard|screenSize|smallestScreenSize|locale|layoutDirection|fontScale|screenLayout|density|uiMode"
29-->src/main/AndroidManifest.xml:12:13-163
30            android:exported="true"
30-->src/main/AndroidManifest.xml:9:13-36
31            android:hardwareAccelerated="true"
31-->src/main/AndroidManifest.xml:13:13-47
32            android:launchMode="singleTop"
32-->src/main/AndroidManifest.xml:10:13-43
33            android:theme="@style/LaunchTheme"
33-->src/main/AndroidManifest.xml:11:13-47
34            android:windowSoftInputMode="adjustResize" >
34-->src/main/AndroidManifest.xml:14:13-55
35
36            <!--
37                 Specifies an Android theme to apply to this Activity as soon as
38                 the Android process has started. This theme is visible to the user
39                 while the Flutter UI initializes. After that, this theme continues
40                 to determine the Window background behind the Flutter UI.
41            -->
42            <meta-data
42-->src/main/AndroidManifest.xml:19:13-22:17
43                android:name="io.flutter.embedding.android.NormalTheme"
43-->src/main/AndroidManifest.xml:20:15-70
44                android:resource="@style/NormalTheme" />
44-->src/main/AndroidManifest.xml:21:15-52
45
46            <intent-filter>
46-->src/main/AndroidManifest.xml:23:13-26:29
47                <action android:name="android.intent.action.MAIN" />
47-->src/main/AndroidManifest.xml:24:17-68
47-->src/main/AndroidManifest.xml:24:25-66
48
49                <category android:name="android.intent.category.LAUNCHER" />
49-->src/main/AndroidManifest.xml:25:17-76
49-->src/main/AndroidManifest.xml:25:27-74
50            </intent-filter>
51        </activity>
52        <!--
53             Don't delete the meta-data below.
54             This is used by the Flutter tool to generate GeneratedPluginRegistrant.java
55        -->
56        <meta-data
56-->src/main/AndroidManifest.xml:30:9-32:33
57            android:name="flutterEmbedding"
57-->src/main/AndroidManifest.xml:31:13-44
58            android:value="2" />
58-->src/main/AndroidManifest.xml:32:13-30
59
60        <provider
60-->[:open_file] AndroidManifest.xml:14:9-23:20
61            android:name="com.crazecoder.openfile.FileProvider"
61-->[:open_file] AndroidManifest.xml:15:13-64
62            android:authorities="com.example.tfg.fileProvider.com.crazecoder.openfile"
62-->[:open_file] AndroidManifest.xml:16:13-88
63            android:exported="false"
63-->[:open_file] AndroidManifest.xml:17:13-37
64            android:grantUriPermissions="true" >
64-->[:open_file] AndroidManifest.xml:18:13-47
65            <meta-data
65-->[:open_file] AndroidManifest.xml:20:13-22:53
66                android:name="android.support.FILE_PROVIDER_PATHS"
66-->[:open_file] AndroidManifest.xml:21:17-67
67                android:resource="@xml/filepaths" />
67-->[:open_file] AndroidManifest.xml:22:17-50
68        </provider>
69
70        <uses-library
70-->[androidx.window:window:1.0.0-beta04] AndroidManifest.xml:25:9-27:40
71            android:name="androidx.window.extensions"
71-->[androidx.window:window:1.0.0-beta04] AndroidManifest.xml:26:13-54
72            android:required="false" />
72-->[androidx.window:window:1.0.0-beta04] AndroidManifest.xml:27:13-37
73        <uses-library
73-->[androidx.window:window:1.0.0-beta04] AndroidManifest.xml:28:9-30:40
74            android:name="androidx.window.sidecar"
74-->[androidx.window:window:1.0.0-beta04] AndroidManifest.xml:29:13-51
75            android:required="false" />
75-->[androidx.window:window:1.0.0-beta04] AndroidManifest.xml:30:13-37
76
77        <receiver
77-->[org.altbeacon:android-beacon-library:2.19] AndroidManifest.xml:20:9-28:20
78            android:name="org.altbeacon.beacon.startup.StartupBroadcastReceiver"
78-->[org.altbeacon:android-beacon-library:2.19] AndroidManifest.xml:21:13-81
79            android:exported="false" >
79-->[org.altbeacon:android-beacon-library:2.19] AndroidManifest.xml:22:13-37
80            <intent-filter>
80-->[org.altbeacon:android-beacon-library:2.19] AndroidManifest.xml:23:13-27:29
81                <action android:name="android.intent.action.BOOT_COMPLETED" />
81-->[org.altbeacon:android-beacon-library:2.19] AndroidManifest.xml:24:17-79
81-->[org.altbeacon:android-beacon-library:2.19] AndroidManifest.xml:24:25-76
82                <action android:name="android.intent.action.ACTION_POWER_CONNECTED" />
82-->[org.altbeacon:android-beacon-library:2.19] AndroidManifest.xml:25:17-87
82-->[org.altbeacon:android-beacon-library:2.19] AndroidManifest.xml:25:25-84
83                <action android:name="android.intent.action.ACTION_POWER_DISCONNECTED" />
83-->[org.altbeacon:android-beacon-library:2.19] AndroidManifest.xml:26:17-90
83-->[org.altbeacon:android-beacon-library:2.19] AndroidManifest.xml:26:25-87
84            </intent-filter>
85        </receiver>
86
87        <service
87-->[org.altbeacon:android-beacon-library:2.19] AndroidManifest.xml:30:9-35:38
88            android:name="org.altbeacon.beacon.service.BeaconService"
88-->[org.altbeacon:android-beacon-library:2.19] AndroidManifest.xml:31:13-70
89            android:enabled="true"
89-->[org.altbeacon:android-beacon-library:2.19] AndroidManifest.xml:32:13-35
90            android:exported="false"
90-->[org.altbeacon:android-beacon-library:2.19] AndroidManifest.xml:33:13-37
91            android:isolatedProcess="false"
91-->[org.altbeacon:android-beacon-library:2.19] AndroidManifest.xml:34:13-44
92            android:label="beacon" />
92-->[org.altbeacon:android-beacon-library:2.19] AndroidManifest.xml:35:13-35
93        <service
93-->[org.altbeacon:android-beacon-library:2.19] AndroidManifest.xml:36:9-39:40
94            android:name="org.altbeacon.beacon.BeaconIntentProcessor"
94-->[org.altbeacon:android-beacon-library:2.19] AndroidManifest.xml:37:13-70
95            android:enabled="true"
95-->[org.altbeacon:android-beacon-library:2.19] AndroidManifest.xml:38:13-35
96            android:exported="false" />
96-->[org.altbeacon:android-beacon-library:2.19] AndroidManifest.xml:39:13-37
97        <service
97-->[org.altbeacon:android-beacon-library:2.19] AndroidManifest.xml:40:9-50:19
98            android:name="org.altbeacon.beacon.service.ScanJob"
98-->[org.altbeacon:android-beacon-library:2.19] AndroidManifest.xml:41:13-64
99            android:exported="false"
99-->[org.altbeacon:android-beacon-library:2.19] AndroidManifest.xml:42:13-37
100            android:permission="android.permission.BIND_JOB_SERVICE" >
100-->[org.altbeacon:android-beacon-library:2.19] AndroidManifest.xml:43:13-69
101            <meta-data
101-->[org.altbeacon:android-beacon-library:2.19] AndroidManifest.xml:44:13-46:45
102                android:name="immediateScanJobId"
102-->[org.altbeacon:android-beacon-library:2.19] AndroidManifest.xml:45:17-50
103                android:value="208352939" />
103-->[org.altbeacon:android-beacon-library:2.19] AndroidManifest.xml:46:17-42
104            <meta-data
104-->[org.altbeacon:android-beacon-library:2.19] AndroidManifest.xml:47:13-49:45
105                android:name="periodicScanJobId"
105-->[org.altbeacon:android-beacon-library:2.19] AndroidManifest.xml:48:17-49
106                android:value="208352940" />
106-->[org.altbeacon:android-beacon-library:2.19] AndroidManifest.xml:49:17-42
107        </service>
108        <service
108-->[org.altbeacon:android-beacon-library:2.19] AndroidManifest.xml:51:9-58:19
109            android:name="org.altbeacon.bluetooth.BluetoothTestJob"
109-->[org.altbeacon:android-beacon-library:2.19] AndroidManifest.xml:52:13-68
110            android:exported="false"
110-->[org.altbeacon:android-beacon-library:2.19] AndroidManifest.xml:53:13-37
111            android:permission="android.permission.BIND_JOB_SERVICE" >
111-->[org.altbeacon:android-beacon-library:2.19] AndroidManifest.xml:54:13-69
112            <meta-data
112-->[org.altbeacon:android-beacon-library:2.19] AndroidManifest.xml:55:13-57:46
113                android:name="jobId"
113-->[org.altbeacon:android-beacon-library:2.19] AndroidManifest.xml:56:17-37
114                android:value="1799803768" />
114-->[org.altbeacon:android-beacon-library:2.19] AndroidManifest.xml:57:17-43
115        </service>
116    </application>
117
118</manifest>